make all --print-data-base --no-builtin-variables --no-builtin-rules --question
make: *** No rule to make target 'all'.  Stop.

# GNU Make 4.2.1
# Built for x86_64-pc-linux-gnu
# Copyright (C) 1988-2016 Free Software Foundation, Inc.
# License GPLv3+: GNU GPL version 3 or later <http://gnu.org/licenses/gpl.html>
# This is free software: you are free to change and redistribute it.
# There is NO WARRANTY, to the extent permitted by law.

# Make data base, printed on Tue Jun 28 15:22:05 2022

# Variables

# automatic
<D = $(patsubst %/,%,$(dir $<))
# automatic
?F = $(notdir $?)
# environment
WSLENV = VSCODE_WSL_EXT_LOCATION/up:VSCODE_SERVER_TAR/up:BASH_ENV/u
# default
.SHELLFLAGS := -c
# environment
VSCODE_AGENT_FOLDER = /home/ubuntu/.vscode-server
# environment
VSCODE_LOG_NATIVE = false
# automatic
?D = $(patsubst %/,%,$(dir $?))
# automatic
@D = $(patsubst %/,%,$(dir $@))
# automatic
@F = $(notdir $@)
# makefile
CURDIR := /home/ubuntu/www/src/github.com/carina-io/charts
# makefile
SHELL = /bin/sh
# environment
VSCODE_NLS_CONFIG = {"locale":"zh-cn","availableLanguages":{"*":"zh-cn"},"_languagePackId":"42e84e0914b17800d483f69e299e1b00.zh-cn","_translationsConfigFile":"/home/ubuntu/.vscode-server/data/clp/42e84e0914b17800d483f69e299e1b00.zh-cn/tcf.json","_cacheRoot":"/home/ubuntu/.vscode-server/data/clp/42e84e0914b17800d483f69e299e1b00.zh-cn","_resolvedLanguagePackCoreLocation":"/home/ubuntu/.vscode-server/data/clp/42e84e0914b17800d483f69e299e1b00.zh-cn/30d9c6cd9483b2cc586687151bcbcd635f373630","_corruptedFile":"/home/ubuntu/.vscode-server/data/clp/42e84e0914b17800d483f69e299e1b00.zh-cn/corrupted.info","_languagePackSupport":true}
# environment
_ = /usr/bin/make
# environment
SUDO_COMMAND = /bin/bash -c set -a; [ -f "$HOME/.systemd-env" ] && source "$HOME/.systemd-env"; set +a; exec bash -c sh\ -c\ \'env\ \&\&\ VSCODE_WSL_DEBUG_INFO=true\ \"\$VSCODE_WSL_EXT_LOCATION/scripts/wslServer.sh\"\ 30d9c6cd9483b2cc586687151bcbcd635f373630\ stable\ code-server\ .vscode-server\ 214614254742\ --host=127.0.0.1\ --port=0\ --use-host-proxy\ --without-browser-env-var\ --disable-websocket-compression\ --accept-server-license-terms\ --log=trace\'
# makefile (from 'Makefile', line 1)
MAKEFILE_LIST :=  Makefile
# environment
PRE_NAMESPACE_PATH = /usr/local/sbin:/usr/local/bin:/usr/sbin:/usr/bin:/sbin:/bin:/usr/games:/usr/local/games:/usr/lib/wsl/lib:/mnt/c/Program Files (x86)/VMware/VMware Workstation/bin/:/mnt/c/WINDOWS/system32:/mnt/c/WINDOWS:/mnt/c/WINDOWS/System32/Wbem:/mnt/c/WINDOWS/System32/WindowsPowerShell/v1.0/:/mnt/c/WINDOWS/System32/OpenSSH/:/mnt/c/Program Files/Git/cmd:/mnt/c/Program Files/TortoiseGit/bin:/mnt/c/soft/xshell/:/mnt/c/Program Files (x86)/NetSarang/Xftp 7/:/mnt/c/Users/admin/AppData/Local/Microsoft/WindowsApps:/mnt/c/Users/admin/go/bin:/mnt/c/Users/admin/AppData/Local/atom/bin:/mnt/c/soft/cmder/cmder:/mnt/c/Users/admin/AppData/Local/Programs/Microsoft VS Code/bin:/mnt/c/Users/admin/AppData/Local/gitkraken/bin
# 'override' directive
GNUMAKEFLAGS := 
# environment
VSCODE_VERBOSE_LOGGING = true
# environment
VSCODE_CWD = /
# makefile (from 'Makefile', line 3)
HELMVERSION := v0.10.0 
# default
MAKE_HOST := x86_64-pc-linux-gnu
# environment
PATH = /home/ubuntu/.vscode-server/bin/30d9c6cd9483b2cc586687151bcbcd635f373630/bin/remote-cli:/usr/local/sbin:/usr/local/bin:/usr/sbin:/usr/bin:/sbin:/bin:/snap/bin
# environment
VSCODE_WSL_DEBUG_INFO = true
# makefile (from 'Makefile', line 4)
HELMREPO := https://mirror.ghproxy.com/https://github.com/carina-io/charts/releases/download
# environment
PRE_NAMESPACE_PWD = /mnt/c/Users/admin/AppData/Local/Programs/Microsoft VS Code
# environment
VSCODE_LOG_STACK = false
# environment
VSCODE_IPC_HOOK_CLI = /tmp/vscode-ipc-142f3ff4-8f8b-4ca4-9a46-9cf6507bd221.sock
# environment
VSCODE_SERVER_TAR = /mnt/c/Users/admin/AppData/Local/Temp/vscode-remote-wsl/30d9c6cd9483b2cc586687151bcbcd635f373630/vscode-server-stable-linux-x64.tar.gz
# default
.FEATURES := target-specific order-only second-expansion else-if shortest-stem undefine oneshell archives jobserver output-sync check-symlink load
# automatic
%F = $(notdir $%)
# environment
VSCODE_PIPE_LOGGING = true
# environment
PWD = /home/ubuntu/www/src/github.com/carina-io/charts
# default
.LOADED := 
# environment
WSL_INTEROP = /run/WSL/13_interop
# environment
VSCODE_AMD_ENTRYPOINT = vs/workbench/api/node/extensionHostProcess
# environment
HOME = /home/ubuntu
# environment
SUDO_USER = root
# environment
LOGNAME = ubuntu
# environment
SUDO_GID = 0
# environment
APPLICATION_INSIGHTS_NO_DIAGNOSTIC_CHANNEL = true
# environment
VSCODE_HANDLES_UNCAUGHT_ERRORS = true
# automatic
^D = $(patsubst %/,%,$(dir $^))
# environment
MAKELEVEL := 0
# default
MAKE = $(MAKE_COMMAND)
# default
MAKECMDGOALS := all
# environment
SHLVL = 2
# environment
SUDO_UID = 0
# default
MAKE_VERSION := 4.2.1
# environment
USER = ubuntu
# makefile
.DEFAULT_GOAL := helmpackage
# automatic
%D = $(patsubst %/,%,$(dir $%))
# environment
VSCODE_WSL_EXT_LOCATION = /mnt/c/Users/admin/.vscode/extensions/ms-vscode-remote.remote-wsl-0.64.1
# default
MAKE_COMMAND := make
# default
.VARIABLES := 
# automatic
*F = $(notdir $*)
# makefile
MAKEFLAGS = pqrR
# environment
MFLAGS = -pqrR
# automatic
*D = $(patsubst %/,%,$(dir $*))
# environment
MAIL = /var/mail/ubuntu
# automatic
+D = $(patsubst %/,%,$(dir $+))
# automatic
+F = $(notdir $+)
# environment
VSCODE_HANDLES_SIGPIPE = true
# default
MAKEFILES := 
# automatic
<F = $(notdir $<)
# environment
LC_ALL = C
# environment
HOSTTYPE = x86_64
# automatic
^F = $(notdir $^)
# default
SUFFIXES := 
# default
.INCLUDE_DIRS = /usr/include /usr/local/include /usr/include
# default
.RECIPEPREFIX := 
# environment
LANG = C
# environment
TERM = xterm-256color
# environment
VSCODE_EXTHOST_WILL_SEND_SOCKET = true
# environment
WSL_DISTRO_NAME = Ubuntu-20.04
# variable set hash-table stats:
# Load=74/1024=7%, Rehash=0, Collisions=4/99=4%

# Pattern-specific Variable Values

# No pattern-specific variable values.

# Directories

# . (device 2064, inode 941161): 13 files, no impossibilities.

# 13 files, no impossibilities in 1 directories.

# Implicit Rules

# No implicit rules.

# Files

clear:
#  Implicit rule search has not been done.
#  Modification time never checked.
#  File has not been updated.
#  recipe to execute (from 'Makefile', line 12):
	@for var in $(HELMVERSION); do \
		rm -rf  $$var/*.tgz ; \
	done		

# Not a target:
all:
#  Command line target.
#  Implicit rule search has been done.
#  File does not exist.
#  File has not been updated.

# Not a target:
Makefile:
#  Implicit rule search has been done.
#  Last modified 2022-04-28 14:53:08.2460499
#  File has been updated.
#  Successfully updated.

# Not a target:
.DEFAULT:
#  Implicit rule search has not been done.
#  Modification time never checked.
#  File has not been updated.

helmpackage:
#  Implicit rule search has not been done.
#  Modification time never checked.
#  File has not been updated.
#  recipe to execute (from 'Makefile', line 6):
	@for var in $(HELMVERSION); do \
		helm lint $$var/carina-csi-driver && helm package $$var/carina-csi-driver --debug --destination $$var/; \
	done
		helm repo index --url=$(HELMREPO)   . \


# files hash-table stats:
# Load=6/1024=1%, Rehash=0, Collisions=0/16=0%
# VPATH Search Paths

# No 'vpath' search paths.

# No general ('VPATH' variable) search path.

# strcache buffers: 1 (0) / strings = 20 / storage = 192 B / avg = 9 B
# current buf: size = 8162 B / used = 192 B / count = 20 / avg = 9 B

# strcache performance: lookups = 26 / hit rate = 23%
# hash-table stats:
# Load=20/8192=0%, Rehash=0, Collisions=1/26=4%
# Finished Make data base on Tue Jun 28 15:22:05 2022

 
